\BOOKMARK [0][-]{chapter*.3}{Introducci\363n}{}% 1
\BOOKMARK [0][-]{chapter*.4}{Objetivos}{}% 2
\BOOKMARK [0][-]{chapter.1}{Revisi\363n Bibliogr\341fica}{}% 3
\BOOKMARK [1][-]{section.1.1}{Mecanismos de defensa en plantas.}{chapter.1}% 4
\BOOKMARK [2][-]{subsection.1.1.1}{Defensa ante ataque de pat\363genos.}{section.1.1}% 5
\BOOKMARK [2][-]{subsection.1.1.2}{Defensas ante estr\351s abi\363tico.}{section.1.1}% 6
\BOOKMARK [2][-]{subsection.1.1.3}{Defensa hormonal.}{section.1.1}% 7
\BOOKMARK [1][-]{section.1.2}{Especies reactivas del ox\355geno \(ROS\).}{chapter.1}% 8
\BOOKMARK [2][-]{subsection.1.2.1}{Producci\363n de ROS.}{section.1.2}% 9
\BOOKMARK [2][-]{subsection.1.2.2}{Efectos de ROS.}{section.1.2}% 10
\BOOKMARK [1][-]{section.1.3}{Estr\351s oxidativo.}{chapter.1}% 11
\BOOKMARK [2][-]{subsection.1.3.1}{Mecanismos de resistencia}{section.1.3}% 12
\BOOKMARK [1][-]{section.1.4}{Enzimas de defensa en plantas.}{chapter.1}% 13
\BOOKMARK [2][-]{subsection.1.4.1}{Super\363xido Dismutasa \(SOD\) \(EC 1.15.1.1\).}{section.1.4}% 14
\BOOKMARK [2][-]{subsection.1.4.2}{Catalasa \(CAT\) \(EC 1.11.1.6\).}{section.1.4}% 15
\BOOKMARK [2][-]{subsection.1.4.3}{Polifenol oxidasa \(PPO\) \(EC 1.10.3.1\).}{section.1.4}% 16
\BOOKMARK [1][-]{section.1.5}{Par\341metros experimentales.}{chapter.1}% 17
\BOOKMARK [1][-]{section.1.6}{Raphanus sativus como modelo experimental.}{chapter.1}% 18
\BOOKMARK [0][-]{chapter.2}{Materiales y M\351todos }{}% 19
\BOOKMARK [1][-]{section.2.1}{Material vegetal.}{chapter.2}% 20
\BOOKMARK [1][-]{section.2.2}{Dise\361os experimentales.}{chapter.2}% 21
\BOOKMARK [2][-]{subsection.2.2.1}{Primer dise\361o experimental: Actividad enzim\341tica en plantas no sometidas a estr\351s salino.}{section.2.2}% 22
\BOOKMARK [2][-]{subsection.2.2.2}{Segundo dise\361o experimental: Actividad enzim\341tica en plantas sometidas a estr\351s salino \(NaCl\).}{section.2.2}% 23
\BOOKMARK [1][-]{section.2.3}{Metodolog\355as para la extracci\363n de enzimas.}{chapter.2}% 24
\BOOKMARK [2][-]{subsection.2.3.1}{Protocolo de extracci\363n propuesto por liu2010exogenous, con modificaciones.}{section.2.3}% 25
\BOOKMARK [2][-]{subsection.2.3.2}{Protocolo de extracci\363n propuesto por baquero2005catalase, con modificaciones.}{section.2.3}% 26
\BOOKMARK [1][-]{section.2.4}{Determinaci\363n de la concentraci\363n de prote\355nas mediante el m\351todo Bradford.}{chapter.2}% 27
\BOOKMARK [2][-]{subsection.2.4.1}{Medici\363n de la prote\355na est\341ndar.}{section.2.4}% 28
\BOOKMARK [2][-]{subsection.2.4.2}{Cuantificaci\363n de prote\355nas en el extracto enzim\341tico.}{section.2.4}% 29
\BOOKMARK [1][-]{section.2.5}{Ensayos enzim\341ticos.}{chapter.2}% 30
\BOOKMARK [2][-]{subsection.2.5.1}{Super\363xido Dismutasa \(SOD\).}{section.2.5}% 31
\BOOKMARK [2][-]{subsection.2.5.2}{Catalasa \(CAT\).}{section.2.5}% 32
\BOOKMARK [2][-]{subsection.2.5.3}{Polifenol Oxidasa \(PPO\).}{section.2.5}% 33
\BOOKMARK [1][-]{section.2.6}{Procesamiento matem\341tico.}{chapter.2}% 34
\BOOKMARK [0][-]{chapter.3}{Resultados}{}% 35
\BOOKMARK [1][-]{section.3.1}{Determinaci\363n de la cantidad de prote\355nas.}{chapter.3}% 36
\BOOKMARK [1][-]{section.3.2}{Enzima Super\363xido Dismutasa \(SOD\).}{chapter.3}% 37
\BOOKMARK [2][-]{subsection.3.2.1}{Actividad enzim\341tica de SOD en extractos obtenidos mediante protocolo de extracci\363n enzim\341tica propuesto por liu2010exogenous, con modificaciones.}{section.3.2}% 38
\BOOKMARK [2][-]{subsection.3.2.2}{Actividad enzim\341tica de SOD en extractos obtenidos mediante protocolo de extracci\363n enzim\341tica propuesto por baquero2005catalase, con modificaciones.}{section.3.2}% 39
\BOOKMARK [1][-]{section.3.3}{Enzima Catalasa \(CAT\).}{chapter.3}% 40
\BOOKMARK [1][-]{section.3.4}{Enzima Polifenol Oxidasa \(PPO\).}{chapter.3}% 41
\BOOKMARK [2][-]{subsection.3.4.1}{PPO, primer dise\361o experimental: plantas no sometidas a estr\351s salino.}{section.3.4}% 42
\BOOKMARK [2][-]{subsection.3.4.2}{PPO, segundo dise\361o experimental: plantas sometidas a estr\351s salino.}{section.3.4}% 43
\BOOKMARK [0][-]{chapter.4}{Discusi\363n}{}% 44
\BOOKMARK [1][-]{section.4.1}{Determinaci\363n de la cantidad de prote\355nas.}{chapter.4}% 45
\BOOKMARK [1][-]{section.4.2}{Enzima Super\363xido Dismutasa \(SOD\).}{chapter.4}% 46
\BOOKMARK [1][-]{section.4.3}{Enzima Catalasa \(CAT\)}{chapter.4}% 47
\BOOKMARK [1][-]{section.4.4}{Enzima Polifenol Oxidasa \(PPO\).}{chapter.4}% 48
\BOOKMARK [0][-]{chapter.5}{Conclusiones}{}% 49
\BOOKMARK [0][-]{chapter.6}{Recomendaciones}{}% 50
\BOOKMARK [0][-]{chapter*.32}{Literatura Citada}{}% 51
